[LOG] System::create                           : Header version = 2.02.11. Current version = 2.02.11.
[LOG] Manager::init                            : maxchannels = 256 studioflags = 00000006 flags 00000000 extradriverdata 0000000000000000.
[LOG] SystemI::init                            : Initialize version=20211 (130436), maxchannels=256, flags=0x00020000
[LOG] SystemI::setOutputInternal               : Setting output to 'FMOD WASAPI Output'
[LOG] OutputWASAPI::init                       : Mix Format (WAVEFORMATEX): wFormatTag=0xFFFE, nChannels=2, nSamplesPerSec=48000, nAvgBytesPerSec=384000, nBlockAlign=8, wBitsPerSample=32, cbSize=22.
[LOG] OutputWASAPI::init                       : Mix Format (WAVEFORMATEXTENSIBLE): wValidBitsPerSample=32, dwChannelMask=0x00000003, SubFormat=00000003-0000-0010-8000-00AA00389B71.
[LOG] OutputWASAPI::init                       : Output buffer size: 4096 samples, latency: 0.00ms, period: 10.00ms, DSP buffer: 1024 * 4
[LOG] Thread::initThread                       : Init FMOD stream thread. Affinity: 0x4000000000000003, Priority: 0xFFFF7FFB, Stack Size: 98304, Semaphore: No, Sleep Time: 10, Looping: Yes.
[LOG] Thread::initThread                       : Init FMOD mixer thread. Affinity: 0x4000000000000001, Priority: 0xFFFF7FFA, Stack Size: 81920, Semaphore: No, Sleep Time: 0, Looping: Yes.
[LOG] AsyncManager::init                       : manager 00000227A0D0EE18 isAsync 0 updatePeriod 0.02
[LOG] AsyncManager::init                       : done
[LOG] PlaybackSystem::init                     : 
[LOG] Thread::initThread                       : Init FMOD Studio sample load thread. Affinity: 0x4000000000000003, Priority: 0xFFFF7FFD, Stack Size: 98304, Semaphore: No, Sleep Time: 1, Looping: No.
[LOG] PlaybackSystem::init                     : done
[LOG] Thread::initThread                       : Init FMOD Studio bank load thread. Affinity: 0x4000000000000003, Priority: 0xFFFF7FFD, Stack Size: 98304, Semaphore: No, Sleep Time: 1, Looping: No.
[LOG] Manager::init                            : done.
[LOG] Manager::readBank                        : fileversion = 142, compatVersion = 140 (oldest = 44, newest = 142)
[LOG] Manager::readBank                        : fileversion = 142, compatVersion = 140 (oldest = 44, newest = 142)
[LOG] PlaybackSystem::acquireMasterBus         : Setting master channel group format to 6
[LOG] SystemI::createSoundInternal             : Create name='', mode=0x02000202
[LOG] SystemI::createSoundInternal             : exinfo->cbsize             = 224
[LOG] SystemI::createSoundInternal             : exinfo->length             = 6898976
[LOG] SystemI::createSoundInternal             : exinfo->fileoffset         = 41824
[LOG] SystemI::createSoundInternal             : exinfo->numsubsounds       = 1
[LOG] SystemI::createSoundInternal             : exinfo->inclusionlist      = 00000064E15FEF08
[LOG] SystemI::createSoundInternal             : exinfo->inclusionlistnum   = 1
[LOG] SystemI::createSoundInternal             : exinfo->suggestedsoundtype = 5
[LOG] SystemI::createSoundInternal             : exinfo->useropen           = 00007FFE5E563490
[LOG] SystemI::createSoundInternal             : exinfo->userclose          = 00007FFE5E563450
[LOG] SystemI::createSoundInternal             : exinfo->userread           = 00007FFE5E563570
[LOG] SystemI::createSoundInternal             : exinfo->userseek           = 00007FFE5E563630
[LOG] SystemI::createSoundInternal             : exinfo->fileuserdata       = 00000226CE1A1B68
[LOG] SystemI::createSoundInternal             : exinfo->initialseekpostype = 1
[LOG] SystemI::DSPCodecPoolRegister            : register codec pool for pool type 5
[LOG] SystemI::createSoundInternal             : Sample 0/1: name='CAMPANA GUERRAC136 - Trimmed (3)', format=5, channels=2, frequency=48000, lengthbytes=73152, lengthpcm=338823, pcmblocksize=0, loopstart=0, loopend=0, mode=0x00000000, channelmask=0x00000000, channelorder=0, peakvolume=0.274994.
[LOG] SystemI::createSoundInternal             : Create name='', mode=0x02000202
[LOG] SystemI::createSoundInternal             : exinfo->cbsize             = 224
[LOG] SystemI::createSoundInternal             : exinfo->length             = 6898976
[LOG] SystemI::createSoundInternal             : exinfo->fileoffset         = 41824
[LOG] SystemI::createSoundInternal             : exinfo->numsubsounds       = 1
[LOG] SystemI::createSoundInternal             : exinfo->inclusionlist      = 00000064E15FEF08
[LOG] SystemI::createSoundInternal             : exinfo->inclusionlistnum   = 1
[LOG] SystemI::createSoundInternal             : exinfo->suggestedsoundtype = 5
[LOG] SystemI::createSoundInternal             : exinfo->useropen           = 00007FFE5E563490
[LOG] SystemI::createSoundInternal             : exinfo->userclose          = 00007FFE5E563450
[LOG] SystemI::createSoundInternal             : exinfo->userread           = 00007FFE5E563570
[LOG] SystemI::createSoundInternal             : exinfo->userseek           = 00007FFE5E563630
[LOG] SystemI::createSoundInternal             : exinfo->fileuserdata       = 00000226CE1A1B68
[LOG] SystemI::createSoundInternal             : exinfo->initialseekpostype = 1
[LOG] SystemI::DSPCodecPoolRegister            : register codec pool for pool type 5
[LOG] SystemI::createSoundInternal             : Sample 0/1: name='CAMPANA GUERRAC136 - Trimmed (2)', format=5, channels=2, frequency=48000, lengthbytes=72768, lengthpcm=338823, pcmblocksize=0, loopstart=0, loopend=0, mode=0x00000000, channelmask=0x00000000, channelorder=0, peakvolume=0.194122.
[LOG] SystemI::createSoundInternal             : Create name='', mode=0x02000202
[LOG] SystemI::createSoundInternal             : exinfo->cbsize             = 224
[LOG] SystemI::createSoundInternal             : exinfo->length             = 6898976
[LOG] SystemI::createSoundInternal             : exinfo->fileoffset         = 41824
[LOG] SystemI::createSoundInternal             : exinfo->numsubsounds       = 1
[LOG] SystemI::createSoundInternal             : exinfo->inclusionlist      = 00000064E15FEF08
[LOG] SystemI::createSoundInternal             : exinfo->inclusionlistnum   = 1
[LOG] SystemI::createSoundInternal             : exinfo->suggestedsoundtype = 5
[LOG] SystemI::createSoundInternal             : exinfo->useropen           = 00007FFE5E563490
[LOG] SystemI::createSoundInternal             : exinfo->userclose          = 00007FFE5E563450
[LOG] SystemI::createSoundInternal             : exinfo->userread           = 00007FFE5E563570
[LOG] SystemI::createSoundInternal             : exinfo->userseek           = 00007FFE5E563630
[LOG] SystemI::createSoundInternal             : exinfo->fileuserdata       = 00000226CE1A1B68
[LOG] SystemI::createSoundInternal             : exinfo->initialseekpostype = 1
[LOG] SystemI::DSPCodecPoolRegister            : register codec pool for pool type 5
[LOG] SystemI::createSoundInternal             : Sample 0/1: name='CAMPANA GUERRAC136 - Trimmed', format=5, channels=2, frequency=48000, lengthbytes=72864, lengthpcm=338823, pcmblocksize=0, loopstart=0, loopend=0, mode=0x00000000, channelmask=0x00000000, channelorder=0, peakvolume=0.274994.
[LOG] SystemI::createSound                     : filename = Assets/StreamingAssets/CardGameFmod/Build/Desktop/Master.bank : mode 02010082
[LOG] SystemI::createSound                     : FMOD_NONBLOCKING specified.  Putting into queue to be opened asynchronously!
[LOG] Thread::initThread                       : Init FMOD nonblocking thread (0). Affinity: 0x4000000000000003, Priority: 0xFFFF7FFC, Stack Size: 114688, Semaphore: Yes, Sleep Time: 0, Looping: Yes.
[LOG] AsyncThread::add                         : add sound to async queue : soundi = 00000227D3580608, queue head = 00000224F8A49628, queue count = 0
[LOG] AsyncThread::threadFunc                  : Starting Asynchronous operation on sound 00000227D3580608
[LOG] SystemI::createSoundInternal             :     Create name='Assets/StreamingAssets/CardGameFmod/Build/Desktop/Master.bank', mode=0x02010082
[LOG] SystemI::createSoundInternal             :     exinfo->cbsize             = 224
[LOG] SystemI::createSoundInternal             :     exinfo->length             = 6898976
[LOG] SystemI::createSoundInternal             :     exinfo->fileoffset         = 41824
[LOG] SystemI::createSoundInternal             :     exinfo->numsubsounds       = 1
[LOG] SystemI::createSoundInternal             :     exinfo->inclusionlist      = 00000227A0D5BB40
[LOG] SystemI::createSoundInternal             :     exinfo->inclusionlistnum   = 1
[LOG] SystemI::createSoundInternal             :     exinfo->suggestedsoundtype = 5
[LOG] SystemI::createSoundInternal             :     exinfo->initialseekposition = 613
[LOG] SystemI::createSoundInternal             :     exinfo->initialseekpostype = 1
[LOG] SystemI::createSound                     :     filename = Assets/StreamingAssets/CardGameFmod/Build/Desktop/Master.bank : mode 02010082
[LOG] SystemI::createSound                     :     FMOD_NONBLOCKING specified.  Putting into queue to be opened asynchronously!
[LOG] AsyncThread::add                         :     add sound to async queue : soundi = 00000227D357E298, queue head = 00000224F8A49628, queue count = 0
[LOG] SystemI::createSound                     :     filename = Assets/StreamingAssets/CardGameFmod/Build/Desktop/Master.bank : mode 02010082
[LOG] SystemI::createSound                     :     FMOD_NONBLOCKING specified.  Putting into queue to be opened asynchronously!
[LOG] AsyncThread::add                         :     add sound to async queue : soundi = 00000227D357FD98, queue head = 00000224F8A49628, queue count = 1
[LOG] SystemI::createSoundInternal             :     Stream 0/1: name='Drums GUERRAC136', format=5, channels=2, frequency=48000, lengthbytes=657856, lengthpcm=2290176, pcmblocksize=0, loopstart=0, loopend=0, mode=0x00000000, channelmask=0x00000000, channelorder=0, peakvolume=0.372528.
[LOG] Thread::initThread                       :     Init FMOD file thread. Affinity: 0x4000000000000003, Priority: 0xFFFF7FFC, Stack Size: 65536, Semaphore: No, Sleep Time: 10, Looping: Yes.
[LOG] AsyncThread::threadFunc                  : Finished Asynchronous operation on sound 00000227D3580608
[LOG] AsyncThread::threadFunc                  : Starting Asynchronous operation on sound 00000227D357E298
[LOG] SystemI::createSoundInternal             :     Create name='Assets/StreamingAssets/CardGameFmod/Build/Desktop/Master.bank', mode=0x02010082
[LOG] SystemI::createSoundInternal             :     exinfo->cbsize             = 224
[LOG] SystemI::createSoundInternal             :     exinfo->length             = 6898976
[LOG] SystemI::createSoundInternal             :     exinfo->fileoffset         = 41824
[LOG] SystemI::createSoundInternal             :     exinfo->numsubsounds       = 1
[LOG] SystemI::createSoundInternal             :     exinfo->inclusionlist      = 00000227A0D5C540
[LOG] SystemI::createSoundInternal             :     exinfo->inclusionlistnum   = 1
[LOG] SystemI::createSoundInternal             :     exinfo->suggestedsoundtype = 5
[LOG] SystemI::createSoundInternal             :     exinfo->initialseekpostype = 1
[LOG] SystemI::createSoundInternal             :     Stream 0/1: name='FLAUTA GUERRAC136', format=5, channels=2, frequency=48000, lengthbytes=548576, lengthpcm=2287060, pcmblocksize=0, loopstart=0, loopend=0, mode=0x00000000, channelmask=0x00000000, channelorder=0, peakvolume=0.153629.
[LOG] AsyncThread::threadFunc                  : Finished Asynchronous operation on sound 00000227D357E298
[LOG] AsyncThread::threadFunc                  : Starting Asynchronous operation on sound 00000227D357FD98
[LOG] SystemI::createSoundInternal             :     Create name='Assets/StreamingAssets/CardGameFmod/Build/Desktop/Master.bank', mode=0x02010082
[LOG] SystemI::createSoundInternal             :     exinfo->cbsize             = 224
[LOG] SystemI::createSoundInternal             :     exinfo->length             = 6898976
[LOG] SystemI::createSoundInternal             :     exinfo->fileoffset         = 41824
[LOG] SystemI::createSoundInternal             :     exinfo->numsubsounds       = 1
[LOG] SystemI::createSoundInternal             :     exinfo->inclusionlist      = 00000227A0D5BC80
[LOG] SystemI::createSoundInternal             :     exinfo->inclusionlistnum   = 1
[LOG] SystemI::createSoundInternal             :     exinfo->suggestedsoundtype = 5
[LOG] SystemI::createSoundInternal             :     exinfo->initialseekpostype = 1
[LOG] SystemI::createSoundInternal             :     Stream 0/1: name='PAD 1 GUERRAC136', format=5, channels=2, frequency=48000, lengthbytes=611872, lengthpcm=2287060, pcmblocksize=0, loopstart=0, loopend=0, mode=0x00000000, channelmask=0x00000000, channelorder=0, peakvolume=0.080039.
[LOG] AsyncThread::threadFunc                  : Finished Asynchronous operation on sound 00000227D357FD98
[LOG] AsyncThread::add                         : add sound to async queue : soundi = 00000227D357E5F8, queue head = 00000224F8A49628, queue count = 0
[LOG] AsyncThread::threadFunc                  : Starting Asynchronous operation on sound 00000227D357E5F8
[LOG] AsyncThread::threadFunc                  : Finished Asynchronous operation on sound 00000227D357E5F8
[LOG] SystemI::createSound                     : filename = Assets/StreamingAssets/CardGameFmod/Build/Desktop/Master.bank : mode 02010082
[LOG] SystemI::createSound                     : FMOD_NONBLOCKING specified.  Putting into queue to be opened asynchronously!
[LOG] AsyncThread::add                         : add sound to async queue : soundi = 00000227D357D368, queue head = 00000224F8A49628, queue count = 0
[LOG] AsyncThread::threadFunc                  : Starting Asynchronous operation on sound 00000227D357D368
[LOG] SystemI::createSound                     : filename = Assets/StreamingAssets/CardGameFmod/Build/Desktop/Master.bank : mode 02010082
[LOG] SystemI::createSoundInternal             :     Create name='Assets/StreamingAssets/CardGameFmod/Build/Desktop/Master.bank', mode=0x02010082
[LOG] SystemI::createSound                     :     FMOD_NONBLOCKING specified.  Putting into queue to be opened asynchronously!
[LOG] SystemI::createSoundInternal             :     exinfo->cbsize             = 224
[LOG] AsyncThread::add                         :     add sound to async queue : soundi = 00000227D357EE68, queue head = 00000224F8A49628, queue count = 0
[LOG] SystemI::createSoundInternal             :     exinfo->length             = 6898976
[LOG] SystemI::createSoundInternal             :     exinfo->fileoffset         = 41824
[LOG] SystemI::createSound                     :     filename = Assets/StreamingAssets/CardGameFmod/Build/Desktop/Master.bank : mode 02010082
[LOG] SystemI::createSoundInternal             :     exinfo->numsubsounds       = 1
[LOG] SystemI::createSound                     :     FMOD_NONBLOCKING specified.  Putting into queue to be opened asynchronously!
[LOG] SystemI::createSoundInternal             :     exinfo->inclusionlist      = 00000227A0D5C040
[LOG] AsyncThread::add                         :     add sound to async queue : soundi = 00000227D357F528, queue head = 00000224F8A49628, queue count = 1
[LOG] SystemI::createSoundInternal             :     exinfo->inclusionlistnum   = 1
[LOG] SystemI::createSoundInternal             :     exinfo->suggestedsoundtype = 5
[LOG] SystemI::createSoundInternal             :     exinfo->initialseekposition = 613
[LOG] SystemI::createSoundInternal             :     exinfo->initialseekpostype = 1
[LOG] SystemI::createSoundInternal             :     Stream 0/1: name='Drums GUERRAC136', format=5, channels=2, frequency=48000, lengthbytes=657856, lengthpcm=2290176, pcmblocksize=0, loopstart=0, loopend=0, mode=0x00000000, channelmask=0x00000000, channelorder=0, peakvolume=0.372528.
[LOG] AsyncThread::threadFunc                  : Finished Asynchronous operation on sound 00000227D357D368
[LOG] AsyncThread::threadFunc                  : Starting Asynchronous operation on sound 00000227D357EE68
[LOG] SystemI::createSoundInternal             :     Create name='Assets/StreamingAssets/CardGameFmod/Build/Desktop/Master.bank', mode=0x02010082
[LOG] SystemI::createSoundInternal             :     exinfo->cbsize             = 224
[LOG] SystemI::createSoundInternal             :     exinfo->length             = 6898976
[LOG] SystemI::createSoundInternal             :     exinfo->fileoffset         = 41824
[LOG] SystemI::createSoundInternal             :     exinfo->numsubsounds       = 1
[LOG] SystemI::createSoundInternal             :     exinfo->inclusionlist      = 00000227A0D5C400
[LOG] SystemI::createSoundInternal             :     exinfo->inclusionlistnum   = 1
[LOG] SystemI::createSoundInternal             :     exinfo->suggestedsoundtype = 5
[LOG] SystemI::createSoundInternal             :     exinfo->initialseekpostype = 1
[LOG] SystemI::createSoundInternal             :     Stream 0/1: name='FLAUTA GUERRAC136', format=5, channels=2, frequency=48000, lengthbytes=548576, lengthpcm=2287060, pcmblocksize=0, loopstart=0, loopend=0, mode=0x00000000, channelmask=0x00000000, channelorder=0, peakvolume=0.153629.
[LOG] AsyncThread::threadFunc                  : Finished Asynchronous operation on sound 00000227D357EE68
[LOG] AsyncThread::threadFunc                  : Starting Asynchronous operation on sound 00000227D357F528
[LOG] SystemI::createSoundInternal             :     Create name='Assets/StreamingAssets/CardGameFmod/Build/Desktop/Master.bank', mode=0x02010082
[LOG] SystemI::createSoundInternal             :     exinfo->cbsize             = 224
[LOG] SystemI::createSoundInternal             :     exinfo->length             = 6898976
[LOG] SystemI::createSoundInternal             :     exinfo->fileoffset         = 41824
[LOG] SystemI::createSoundInternal             :     exinfo->numsubsounds       = 1
[LOG] SystemI::createSoundInternal             :     exinfo->inclusionlist      = 00000227A0D5BDC0
[LOG] SystemI::createSoundInternal             :     exinfo->inclusionlistnum   = 1
[LOG] SystemI::createSoundInternal             :     exinfo->suggestedsoundtype = 5
[LOG] SystemI::createSoundInternal             :     exinfo->initialseekpostype = 1
[LOG] SystemI::createSoundInternal             :     Stream 0/1: name='PAD 1 GUERRAC136', format=5, channels=2, frequency=48000, lengthbytes=611872, lengthpcm=2287060, pcmblocksize=0, loopstart=0, loopend=0, mode=0x00000000, channelmask=0x00000000, channelorder=0, peakvolume=0.080039.
[LOG] AsyncThread::threadFunc                  : Finished Asynchronous operation on sound 00000227D357F528
[LOG] SoundI::release                          : PAD 1 GUERRAC136 (00000227D357FD98)
[LOG] SoundI::release                          :     PAD 1 GUERRAC136 (00000226C9F1BAB8)
[LOG] SoundI::release                          :     PAD 1 GUERRAC136 (00000227D357E5F8)
[LOG] SoundI::release                          : FLAUTA GUERRAC136 (00000227D357E298)
[LOG] SoundI::release                          :     FLAUTA GUERRAC136 (00000226C9F1B778)
[LOG] SoundI::release                          :     FLAUTA GUERRAC136 (00000227D35811D8)
[LOG] SoundI::release                          : Drums GUERRAC136 (00000227D3580608)
[LOG] SoundI::release                          :     Drums GUERRAC136 (00000226C9F1B438)
[LOG] SoundI::release                          :     Drums GUERRAC136 (00000227D357F378)
[LOG] AsyncThread::add                         : add sound to async queue : soundi = 00000227D357FF48, queue head = 00000224F8A49628, queue count = 0
[LOG] AsyncThread::threadFunc                  : Starting Asynchronous operation on sound 00000227D357FF48
[LOG] AsyncThread::threadFunc                  : Finished Asynchronous operation on sound 00000227D357FF48
[LOG] AsyncThread::add                         : add sound to async queue : soundi = 00000227D357FA38, queue head = 00000224F8A49628, queue count = 0
[LOG] AsyncThread::threadFunc                  : Starting Asynchronous operation on sound 00000227D357FA38
[LOG] AsyncThread::add                         :     add sound to async queue : soundi = 00000227D3581388, queue head = 00000224F8A49628, queue count = 0
[LOG] AsyncThread::add                         :     add sound to async queue : soundi = 00000227D357FF48, queue head = 00000224F8A49628, queue count = 1
[LOG] AsyncThread::threadFunc                  : Finished Asynchronous operation on sound 00000227D357FA38
[LOG] AsyncThread::threadFunc                  : Starting Asynchronous operation on sound 00000227D3581388
[LOG] AsyncThread::threadFunc                  : Finished Asynchronous operation on sound 00000227D3581388
[LOG] AsyncThread::threadFunc                  : Starting Asynchronous operation on sound 00000227D357FF48
[LOG] AsyncThread::threadFunc                  : Finished Asynchronous operation on sound 00000227D357FF48
[LOG] SoundI::release                          : PAD 1 GUERRAC136 (00000227D357F528)
[LOG] SoundI::release                          :     PAD 1 GUERRAC136 (00000226C9F1F538)
[LOG] SoundI::release                          :     PAD 1 GUERRAC136 (00000227D357FF48)
[LOG] SoundI::release                          : FLAUTA GUERRAC136 (00000227D357EE68)
[LOG] SoundI::release                          :     FLAUTA GUERRAC136 (00000226C9F1F398)
[LOG] SoundI::release                          :     FLAUTA GUERRAC136 (00000227D3581388)
[LOG] SoundI::release                          : Drums GUERRAC136 (00000227D357D368)
[LOG] SoundI::release                          :     Drums GUERRAC136 (00000226C9F1FD58)
[LOG] SoundI::release                          :     Drums GUERRAC136 (00000227D357FA38)
[LOG] SystemI::createSound                     : filename = Assets/StreamingAssets/CardGameFmod/Build/Desktop/Master.bank : mode 02010082
[LOG] SystemI::createSound                     : FMOD_NONBLOCKING specified.  Putting into queue to be opened asynchronously!
[LOG] AsyncThread::add                         : add sound to async queue : soundi = 00000227D3582E88, queue head = 00000224F8A49628, queue count = 0
[LOG] AsyncThread::threadFunc                  : Starting Asynchronous operation on sound 00000227D3582E88
[LOG] SystemI::createSoundInternal             :     Create name='Assets/StreamingAssets/CardGameFmod/Build/Desktop/Master.bank', mode=0x02010082
[LOG] SystemI::createSoundInternal             :     exinfo->cbsize             = 224
[LOG] SystemI::createSoundInternal             :     exinfo->length             = 6898976
[LOG] SystemI::createSoundInternal             :     exinfo->fileoffset         = 41824
[LOG] SystemI::createSoundInternal             :     exinfo->numsubsounds       = 1
[LOG] SystemI::createSoundInternal             :     exinfo->inclusionlist      = 00000226D33289D0
[LOG] SystemI::createSoundInternal             :     exinfo->inclusionlistnum   = 1
[LOG] SystemI::createSoundInternal             :     exinfo->suggestedsoundtype = 5
[LOG] SystemI::createSoundInternal             :     exinfo->initialseekpostype = 1
[LOG] SystemI::createSoundInternal             :     Stream 0/1: name='RITMO MENU 198', format=5, channels=2, frequency=48000, lengthbytes=744512, lengthpcm=2560001, pcmblocksize=0, loopstart=0, loopend=0, mode=0x00000000, channelmask=0x00000000, channelorder=0, peakvolume=0.978019.
[LOG] AsyncThread::threadFunc                  : Finished Asynchronous operation on sound 00000227D3582E88
[LOG] AsyncThread::add                         : add sound to async queue : soundi = 00000227D3582CD8, queue head = 00000224F8A49628, queue count = 0
[LOG] AsyncThread::threadFunc                  : Starting Asynchronous operation on sound 00000227D3582CD8
[LOG] AsyncThread::threadFunc                  : Finished Asynchronous operation on sound 00000227D3582CD8
[LOG] SystemI::createSound                     : filename = Assets/StreamingAssets/CardGameFmod/Build/Desktop/Master.bank : mode 02010082
[LOG] SystemI::createSound                     : FMOD_NONBLOCKING specified.  Putting into queue to be opened asynchronously!
[LOG] AsyncThread::add                         : add sound to async queue : soundi = 00000227D3581BF8, queue head = 00000224F8A49628, queue count = 0
[LOG] AsyncThread::threadFunc                  : Starting Asynchronous operation on sound 00000227D3581BF8
[LOG] SystemI::createSound                     : filename = Assets/StreamingAssets/CardGameFmod/Build/Desktop/Master.bank : mode 02010082
[LOG] SystemI::createSoundInternal             :     Create name='Assets/StreamingAssets/CardGameFmod/Build/Desktop/Master.bank', mode=0x02010082
[LOG] SystemI::createSound                     :     FMOD_NONBLOCKING specified.  Putting into queue to be opened asynchronously!
[LOG] SystemI::createSoundInternal             :     exinfo->cbsize             = 224
[LOG] AsyncThread::add                         :     add sound to async queue : soundi = 00000227D3581898, queue head = 00000224F8A49628, queue count = 0
[LOG] SystemI::createSoundInternal             :     exinfo->length             = 6898976
[LOG] SystemI::createSoundInternal             :     exinfo->fileoffset         = 41824
[LOG] SystemI::createSound                     :     filename = Assets/StreamingAssets/CardGameFmod/Build/Desktop/Master.bank : mode 02010082
[LOG] SystemI::createSoundInternal             :     exinfo->numsubsounds       = 1
[LOG] SystemI::createSound                     :     FMOD_NONBLOCKING specified.  Putting into queue to be opened asynchronously!
[LOG] SystemI::createSoundInternal             :     exinfo->inclusionlist      = 00000226D3328D90
[LOG] AsyncThread::add                         :     add sound to async queue : soundi = 00000227D357EE68, queue head = 00000224F8A49628, queue count = 1
[LOG] SystemI::createSoundInternal             :     exinfo->inclusionlistnum   = 1
[LOG] SystemI::createSoundInternal             :     exinfo->suggestedsoundtype = 5
[LOG] SystemI::createSound                     :     filename = Assets/StreamingAssets/CardGameFmod/Build/Desktop/Master.bank : mode 02010082
[LOG] SystemI::createSoundInternal             :     exinfo->initialseekposition = 2424
[LOG] SystemI::createSound                     :     FMOD_NONBLOCKING specified.  Putting into queue to be opened asynchronously!
[LOG] SystemI::createSoundInternal             :     exinfo->initialseekpostype = 1
[LOG] AsyncThread::add                         :     add sound to async queue : soundi = 00000227D3580608, queue head = 00000224F8A49628, queue count = 2
[LOG] SystemI::createSoundInternal             :     Stream 0/1: name='FLAUTA MENU 199 - Trimmed', format=5, channels=2, frequency=48000, lengthbytes=317504, lengthpcm=1080001, pcmblocksize=0, loopstart=0, loopend=0, mode=0x00000000, channelmask=0x00000000, channelorder=0, peakvolume=0.999939.
[LOG] AsyncThread::threadFunc                  : Finished Asynchronous operation on sound 00000227D3581BF8
[LOG] AsyncThread::threadFunc                  : Starting Asynchronous operation on sound 00000227D3581898
[LOG] SystemI::createSoundInternal             :     Create name='Assets/StreamingAssets/CardGameFmod/Build/Desktop/Master.bank', mode=0x02010082
[LOG] SystemI::createSoundInternal             :     exinfo->cbsize             = 224
[LOG] SystemI::createSoundInternal             :     exinfo->length             = 6898976
[LOG] SystemI::createSoundInternal             :     exinfo->fileoffset         = 41824
[LOG] SystemI::createSoundInternal             :     exinfo->numsubsounds       = 1
[LOG] SystemI::createSoundInternal             :     exinfo->inclusionlist      = 00000226D3328C50
[LOG] SystemI::createSoundInternal             :     exinfo->inclusionlistnum   = 1
[LOG] SystemI::createSoundInternal             :     exinfo->suggestedsoundtype = 5
[LOG] SystemI::createSoundInternal             :     exinfo->initialseekpostype = 1
[LOG] SystemI::createSoundInternal             :     Stream 0/1: name='RITMO MENU 198 - Trimmed', format=5, channels=2, frequency=48000, lengthbytes=584704, lengthpcm=1861818, pcmblocksize=0, loopstart=0, loopend=0, mode=0x00000000, channelmask=0x00000000, channelorder=0, peakvolume=0.977966.
[LOG] AsyncThread::threadFunc                  : Finished Asynchronous operation on sound 00000227D3581898
[LOG] AsyncThread::threadFunc                  : Starting Asynchronous operation on sound 00000227D357EE68
[LOG] SystemI::createSoundInternal             :     Create name='Assets/StreamingAssets/CardGameFmod/Build/Desktop/Master.bank', mode=0x02010082
[LOG] SystemI::createSoundInternal             :     exinfo->cbsize             = 224
[LOG] SystemI::createSoundInternal             :     exinfo->length             = 6898976
[LOG] SystemI::createSoundInternal             :     exinfo->fileoffset         = 41824
[LOG] SystemI::createSoundInternal             :     exinfo->numsubsounds       = 1
[LOG] SystemI::createSoundInternal             :     exinfo->inclusionlist      = 00000226D3328ED0
[LOG] SystemI::createSoundInternal             :     exinfo->inclusionlistnum   = 1
[LOG] SystemI::createSoundInternal             :     exinfo->suggestedsoundtype = 5
[LOG] SystemI::createSoundInternal             :     exinfo->initialseekpostype = 1
[LOG] SystemI::createSoundInternal             :     Stream 0/1: name='CORO SOLO  198 - Trimmed', format=5, channels=2, frequency=48000, lengthbytes=264128, lengthpcm=1163636, pcmblocksize=0, loopstart=0, loopend=0, mode=0x00000000, channelmask=0x00000000, channelorder=0, peakvolume=0.239594.
[LOG] AsyncThread::threadFunc                  : Finished Asynchronous operation on sound 00000227D357EE68
[LOG] AsyncThread::threadFunc                  : Starting Asynchronous operation on sound 00000227D3580608
[LOG] SystemI::createSoundInternal             :     Create name='Assets/StreamingAssets/CardGameFmod/Build/Desktop/Master.bank', mode=0x02010082
[LOG] SystemI::createSoundInternal             :     exinfo->cbsize             = 224
[LOG] SystemI::createSoundInternal             :     exinfo->length             = 6898976
[LOG] SystemI::createSoundInternal             :     exinfo->fileoffset         = 41824
[LOG] SystemI::createSoundInternal             :     exinfo->numsubsounds       = 1
[LOG] SystemI::createSoundInternal             :     exinfo->inclusionlist      = 00000227A0D5BDC0
[LOG] SystemI::createSoundInternal             :     exinfo->inclusionlistnum   = 1
[LOG] SystemI::createSoundInternal             :     exinfo->suggestedsoundtype = 5
[LOG] SystemI::createSoundInternal             :     exinfo->initialseekpostype = 1
[LOG] SystemI::createSoundInternal             :     Stream 0/1: name='PAD CORO  198 - Trimmed', format=5, channels=2, frequency=48000, lengthbytes=423616, lengthpcm=1629090, pcmblocksize=0, loopstart=0, loopend=0, mode=0x00000000, channelmask=0x00000000, channelorder=0, peakvolume=0.659576.
[LOG] AsyncThread::threadFunc                  : Finished Asynchronous operation on sound 00000227D3580608
[LOG] SoundI::release                          : PAD CORO  198 - Trimmed (00000227D3580608)
[LOG] SoundI::release                          :     PAD CORO  198 - Trimmed (00000226C9F20098)
[LOG] SoundI::release                          :     PAD CORO  198 - Trimmed (00000227D357FD98)
[LOG] SoundI::release                          : CORO SOLO  198 - Trimmed (00000227D357EE68)
[LOG] SoundI::release                          :     CORO SOLO  198 - Trimmed (00000226C9F1FD58)
[LOG] SoundI::release                          :     CORO SOLO  198 - Trimmed (00000227D357F528)
[LOG] SoundI::release                          : RITMO MENU 198 - Trimmed (00000227D3581898)
[LOG] SoundI::release                          :     RITMO MENU 198 - Trimmed (00000226C9F1FA18)
[LOG] SoundI::release                          :     RITMO MENU 198 - Trimmed (00000227D357F378)
[LOG] SoundI::release                          : FLAUTA MENU 199 - Trimmed (00000227D3581BF8)
[LOG] SoundI::release                          :     FLAUTA MENU 199 - Trimmed (00000226C9F1F878)
[LOG] SoundI::release                          :     FLAUTA MENU 199 - Trimmed (00000227D357FA38)
[LOG] SoundI::release                          : RITMO MENU 198 (00000227D3582E88)
[LOG] SoundI::release                          :     RITMO MENU 198 (00000226C9F1F6D8)
[LOG] SoundI::release                          :     RITMO MENU 198 (00000227D3582CD8)
[LOG] SoundI::release                          :  (00000227D35F4EE8)
[LOG] SoundI::release                          :     CAMPANA GUERRAC136 - Trimmed (2) (00000226C9F1A258)
[LOG] SoundI::release                          :  (00000227D35F4D78)
[LOG] SoundI::release                          :     CAMPANA GUERRAC136 - Trimmed (3) (00000226C9F1A0B8)
[LOG] SoundI::release                          :  (00000227D35F6028)
[LOG] SoundI::release                          :     CAMPANA GUERRAC136 - Trimmed (00000226C9F1B0F8)
[LOG] Thread::callback                         : FMOD Studio bank load thread finished.
[LOG] Thread::callback                         : FMOD Studio sample load thread finished.
[LOG] LiveUpdate::release                      : 
[LOG] LiveUpdate::reset                        : Reset connection (reason Disconnected)
[LOG] Thread::callback                         : FMOD stream thread finished.
[LOG] Thread::callback                         : FMOD mixer thread finished.
[LOG] SystemI::close                           : Closed.
[LOG] Thread::callback                         : FMOD nonblocking thread (0) finished.
[LOG] Thread::callback                         : FMOD file thread finished.
